blocklylib-core/build/outputs/logs/manifest-merger-full-debug-report.txt
-- Merging decision tree log ---
manifest
ADDED from src/main/AndroidManifest.xml:2:1-14:12
INJECTED from src/main/AndroidManifest.xml:2:1-14:12
INJECTED from src/main/AndroidManifest.xml:2:1-14:12
INJECTED from src/main/AndroidManifest.xml:2:1-14:12
INJECTED from src/main/AndroidManifest.xml:2:1-14:12
INJECTED from src/main/AndroidManifest.xml:2:1-14:12
INJECTED from src/main/AndroidManifest.xml:2:1-14:12
	package
		ADDED from src/main/AndroidManifest.xml:3:11-47
		INJECTED from src/main/AndroidManifest.xml
		INJECTED from src/main/AndroidManifest.xml
	android:versionName
		INJECTED from src/main/AndroidManifest.xml
		ADDED from src/main/AndroidManifest.xml:2:1-14:12
		INJECTED from src/main/AndroidManifest.xml
	android:versionCode
		INJECTED from src/main/AndroidManifest.xml
		ADDED from src/main/AndroidManifest.xml:2:1-14:12
		INJECTED from src/main/AndroidManifest.xml
	xmlns:android
		ADDED from src/main/AndroidManifest.xml:2:11-69
uses-permission#android.permission.INTERNET
ADDED from src/main/AndroidManifest.xml:5:5-67
	android:name
		ADDED from src/main/AndroidManifest.xml:5:22-64
uses-permission#android.permission.WRITE_EXTERNAL_STORAGE
ADDED from src/main/AndroidManifest.xml:6:5-81
	android:name
		ADDED from src/main/AndroidManifest.xml:6:22-78
application
ADDED from src/main/AndroidManifest.xml:8:5-12:19
service#com.google.blockly.android.codegen.CodeGeneratorService
ADDED from src/main/AndroidManifest.xml:9:9-11:39
	android:exported
		ADDED from src/main/AndroidManifest.xml:11:13-37
	android:name
		ADDED from src/main/AndroidManifest.xml:10:13-57
uses-sdk
INJECTED from src/main/AndroidManifest.xml reason: use-sdk injection requested
INJECTED from src/main/AndroidManifest.xml
INJECTED from src/main/AndroidManifest.xml
INJECTED from src/main/AndroidManifest.xml
INJECTED from src/main/AndroidManifest.xml
	android:targetSdkVersion
		INJECTED from src/main/AndroidManifest.xml
		ADDED from src/main/AndroidManifest.xml
		INJECTED from src/main/AndroidManifest.xml
	android:minSdkVersion
		INJECTED from src/main/AndroidManifest.xml
		ADDED from src/main/AndroidManifest.xml
		INJECTED from src/main/AndroidManifest.xml